[debug] [2024-08-22T17:55:44.140Z] ----------------------------------------------------------------------
[debug] [2024-08-22T17:55:44.141Z] Command:       C:\Program Files\nodejs\node.exe C:\Users\Asus\AppData\Roaming\npm\node_modules\firebase-tools\lib\bin\firebase.js init
[debug] [2024-08-22T17:55:44.142Z] CLI Version:   13.15.4
[debug] [2024-08-22T17:55:44.142Z] Platform:      win32
[debug] [2024-08-22T17:55:44.142Z] Node Version:  v20.16.0
[debug] [2024-08-22T17:55:44.142Z] Time:          Fri Aug 23 2024 01:55:44 GMT+0800 (Hong Kong Standard Time)
[debug] [2024-08-22T17:55:44.142Z] ----------------------------------------------------------------------
[debug] 
[debug] [2024-08-22T17:55:44.145Z] >>> [apiv2][query] GET https://firebase-public.firebaseio.com/cli.json [none]
[debug] [2024-08-22T17:55:44.176Z] > command requires scopes: ["email","openid","https://www.googleapis.com/auth/cloudplatformprojects.readonly","https://www.googleapis.com/auth/firebase","https://www.googleapis.com/auth/cloud-platform"]
[debug] [2024-08-22T17:55:44.176Z] > authorizing via signed-in user (hiufunglo1@gmail.com)
[info] 
     ######## #### ########  ######## ########     ###     ######  ########
     ##        ##  ##     ## ##       ##     ##  ##   ##  ##       ##
     ######    ##  ########  ######   ########  #########  ######  ######
     ##        ##  ##    ##  ##       ##     ## ##     ##       ## ##
     ##       #### ##     ## ######## ########  ##     ##  ######  ########

You're about to initialize a Firebase project in this directory:

  C:\Users\Asus\Downloads\Code\rate-my-uni-1\rate-my-uni-1

[debug] [2024-08-22T17:55:44.664Z] <<< [apiv2][status] GET https://firebase-public.firebaseio.com/cli.json 200
[debug] [2024-08-22T17:55:44.664Z] <<< [apiv2][body] GET https://firebase-public.firebaseio.com/cli.json {"cloudBuildErrorAfter":1594252800000,"cloudBuildWarnAfter":1590019200000,"defaultNode10After":1594252800000,"minVersion":"3.0.5","node8DeploysDisabledAfter":1613390400000,"node8RuntimeDisabledAfter":1615809600000,"node8WarnAfter":1600128000000}
[info] 
=== Project Setup
[info] 
[info] First, let's associate this project directory with a Firebase project.
[info] You can create multiple project aliases by running firebase use --add, 
[info] but for now we'll just set up a default project.
[info] 
[debug] [2024-08-22T17:59:52.776Z] > refreshing access token with scopes: []
[debug] [2024-08-22T17:59:52.778Z] >>> [apiv2][query] POST https://www.googleapis.com/oauth2/v3/token [none]
[debug] [2024-08-22T17:59:52.778Z] >>> [apiv2][body] POST https://www.googleapis.com/oauth2/v3/token [omitted]
[debug] [2024-08-22T17:59:53.042Z] <<< [apiv2][status] POST https://www.googleapis.com/oauth2/v3/token 200
[debug] [2024-08-22T17:59:53.042Z] <<< [apiv2][body] POST https://www.googleapis.com/oauth2/v3/token [omitted]
[debug] [2024-08-22T17:59:53.051Z] >>> [apiv2][query] GET https://firebase.googleapis.com/v1beta1/projects pageSize=100
[debug] [2024-08-22T17:59:53.743Z] <<< [apiv2][status] GET https://firebase.googleapis.com/v1beta1/projects 200
[debug] [2024-08-22T17:59:53.744Z] <<< [apiv2][body] GET https://firebase.googleapis.com/v1beta1/projects [omitted]
[info] i  Using project ratemyuni-81275 (RatemyUni) 
[info] 
=== Hosting Setup
[debug] [2024-08-22T18:00:00.412Z] >>> [apiv2][query] GET https://firebase.googleapis.com/v1beta1/projects/ratemyuni-81275 [none]
[debug] [2024-08-22T18:00:01.285Z] <<< [apiv2][status] GET https://firebase.googleapis.com/v1beta1/projects/ratemyuni-81275 200
[debug] [2024-08-22T18:00:01.285Z] <<< [apiv2][body] GET https://firebase.googleapis.com/v1beta1/projects/ratemyuni-81275 {"projectId":"ratemyuni-81275","projectNumber":"853982234003","displayName":"RatemyUni","name":"projects/ratemyuni-81275","resources":{"hostingSite":"ratemyuni-81275"},"state":"ACTIVE","etag":"1_36aead4b-919a-40e7-add9-a3913f2f5d3c"}
[info] 
[info] Your public directory is the folder (relative to your project directory) that
[info] will contain Hosting assets to be uploaded with firebase deploy. If you
[info] have a build process for your assets, use your build's output directory.
[info] 
